This file contains any messages produced by compilers while
running configure, to aid debugging if configure makes a mistake.

It was created by configure, which was
generated by GNU Autoconf 2.69.  Invocation command line was

  $ ./configure 

## --------- ##
## Platform. ##
## --------- ##

hostname = thomasp-ubuntu
uname -m = x86_64
uname -r = 3.13.0-61-generic
uname -s = Linux
uname -v = #100-Ubuntu SMP Wed Jul 29 11:21:34 UTC 2015

/usr/bin/uname -p = unknown
/bin/uname -X     = unknown

/bin/arch              = unknown
/usr/bin/arch -k       = unknown
/usr/convex/getsysinfo = unknown
/usr/bin/hostinfo      = unknown
/bin/machine           = unknown
/usr/bin/oslevel       = unknown
/bin/universe          = unknown

PATH: /usr/local/sbin
PATH: /usr/local/bin
PATH: /usr/sbin
PATH: /usr/bin
PATH: /sbin
PATH: /bin
PATH: /usr/games
PATH: /usr/local/games


## ----------- ##
## Core tests. ##
## ----------- ##

configure:2155: checking for gcc
configure:2171: found /usr/bin/gcc
configure:2182: result: gcc
configure:2411: checking for C compiler version
configure:2420: gcc --version >&5
gcc (Ubuntu 4.8.4-2ubuntu1~14.04) 4.8.4
Copyright (C) 2013 Free Software Foundation, Inc.
This is free software; see the source for copying conditions.  There is NO
warranty; not even for MERCHANTABILITY or FITNESS FOR A PARTICULAR PURPOSE.

configure:2431: $? = 0
configure:2420: gcc -v >&5
Using built-in specs.
COLLECT_GCC=gcc
COLLECT_LTO_WRAPPER=/usr/lib/gcc/x86_64-linux-gnu/4.8/lto-wrapper
Target: x86_64-linux-gnu
Configured with: ../src/configure -v --with-pkgversion='Ubuntu 4.8.4-2ubuntu1~14.04' --with-bugurl=file:///usr/share/doc/gcc-4.8/README.Bugs --enable-languages=c,c++,java,go,d,fortran,objc,obj-c++ --prefix=/usr --program-suffix=-4.8 --enable-shared --enable-linker-build-id --libexecdir=/usr/lib --without-included-gettext --enable-threads=posix --with-gxx-include-dir=/usr/include/c++/4.8 --libdir=/usr/lib --enable-nls --with-sysroot=/ --enable-clocale=gnu --enable-libstdcxx-debug --enable-libstdcxx-time=yes --enable-gnu-unique-object --disable-libmudflap --enable-plugin --with-system-zlib --disable-browser-plugin --enable-java-awt=gtk --enable-gtk-cairo --with-java-home=/usr/lib/jvm/java-1.5.0-gcj-4.8-amd64/jre --enable-java-home --with-jvm-root-dir=/usr/lib/jvm/java-1.5.0-gcj-4.8-amd64 --with-jvm-jar-dir=/usr/lib/jvm-exports/java-1.5.0-gcj-4.8-amd64 --with-arch-directory=amd64 --with-ecj-jar=/usr/share/java/eclipse-ecj.jar --enable-objc-gc --enable-multiarch --disable-werror --with-arch-32=i686 --with-abi=m64 --with-multilib-list=m32,m64,mx32 --with-tune=generic --enable-checking=release --build=x86_64-linux-gnu --host=x86_64-linux-gnu --target=x86_64-linux-gnu
Thread model: posix
gcc version 4.8.4 (Ubuntu 4.8.4-2ubuntu1~14.04) 
configure:2431: $? = 0
configure:2420: gcc -V >&5
gcc: error: unrecognized command line option '-V'
gcc: fatal error: no input files
compilation terminated.
configure:2431: $? = 4
configure:2420: gcc -qversion >&5
gcc: error: unrecognized command line option '-qversion'
gcc: fatal error: no input files
compilation terminated.
configure:2431: $? = 4
configure:2451: checking whether the C compiler works
configure:2473: gcc    conftest.c  >&5
configure:2477: $? = 0
configure:2525: result: yes
configure:2528: checking for C compiler default output file name
configure:2530: result: a.out
configure:2536: checking for suffix of executables
configure:2543: gcc -o conftest    conftest.c  >&5
configure:2547: $? = 0
configure:2569: result: 
configure:2591: checking whether we are cross compiling
configure:2599: gcc -o conftest    conftest.c  >&5
configure:2603: $? = 0
configure:2610: ./conftest
configure:2614: $? = 0
configure:2629: result: no
configure:2634: checking for suffix of object files
configure:2656: gcc -c   conftest.c >&5
configure:2660: $? = 0
configure:2681: result: o
configure:2685: checking whether we are using the GNU C compiler
configure:2704: gcc -c   conftest.c >&5
configure:2704: $? = 0
configure:2713: result: yes
configure:2722: checking whether gcc accepts -g
configure:2742: gcc -c -g  conftest.c >&5
configure:2742: $? = 0
configure:2783: result: yes
configure:2800: checking for gcc option to accept ISO C89
configure:2863: gcc  -c -g -O2  conftest.c >&5
configure:2863: $? = 0
configure:2876: result: none needed
configure:2901: checking for malloc in -lc
configure:2926: gcc -o conftest -g -O2   conftest.c -lc   >&5
conftest.c:16:6: warning: conflicting types for built-in function 'malloc' [enabled by default]
 char malloc ();
      ^
configure:2926: $? = 0
configure:2935: result: yes
configure:2952: checking how to run the C preprocessor
configure:2983: gcc -E  conftest.c
configure:2983: $? = 0
configure:2997: gcc -E  conftest.c
conftest.c:10:28: fatal error: ac_nonexistent.h: No such file or directory
 #include <ac_nonexistent.h>
                            ^
compilation terminated.
configure:2997: $? = 1
configure: failed program was:
| /* confdefs.h */
| #define PACKAGE_NAME ""
| #define PACKAGE_TARNAME ""
| #define PACKAGE_VERSION ""
| #define PACKAGE_STRING ""
| #define PACKAGE_BUGREPORT ""
| #define PACKAGE_URL ""
| #define HAVE_LIBC 1
| /* end confdefs.h.  */
| #include <ac_nonexistent.h>
configure:3022: result: gcc -E
configure:3042: gcc -E  conftest.c
configure:3042: $? = 0
configure:3056: gcc -E  conftest.c
conftest.c:10:28: fatal error: ac_nonexistent.h: No such file or directory
 #include <ac_nonexistent.h>
                            ^
compilation terminated.
configure:3056: $? = 1
configure: failed program was:
| /* confdefs.h */
| #define PACKAGE_NAME ""
| #define PACKAGE_TARNAME ""
| #define PACKAGE_VERSION ""
| #define PACKAGE_STRING ""
| #define PACKAGE_BUGREPORT ""
| #define PACKAGE_URL ""
| #define HAVE_LIBC 1
| /* end confdefs.h.  */
| #include <ac_nonexistent.h>
configure:3085: checking for grep that handles long lines and -e
configure:3143: result: /bin/grep
configure:3148: checking for egrep
configure:3210: result: /bin/grep -E
configure:3215: checking for ANSI C header files
configure:3235: gcc -c -g -O2  conftest.c >&5
configure:3235: $? = 0
configure:3308: gcc -o conftest -g -O2   conftest.c -lc  >&5
configure:3308: $? = 0
configure:3308: ./conftest
configure:3308: $? = 0
configure:3319: result: yes
configure:3332: checking for sys/types.h
configure:3332: gcc -c -g -O2  conftest.c >&5
configure:3332: $? = 0
configure:3332: result: yes
configure:3332: checking for sys/stat.h
configure:3332: gcc -c -g -O2  conftest.c >&5
configure:3332: $? = 0
configure:3332: result: yes
configure:3332: checking for stdlib.h
configure:3332: gcc -c -g -O2  conftest.c >&5
configure:3332: $? = 0
configure:3332: result: yes
configure:3332: checking for string.h
configure:3332: gcc -c -g -O2  conftest.c >&5
configure:3332: $? = 0
configure:3332: result: yes
configure:3332: checking for memory.h
configure:3332: gcc -c -g -O2  conftest.c >&5
configure:3332: $? = 0
configure:3332: result: yes
configure:3332: checking for strings.h
configure:3332: gcc -c -g -O2  conftest.c >&5
configure:3332: $? = 0
configure:3332: result: yes
configure:3332: checking for inttypes.h
configure:3332: gcc -c -g -O2  conftest.c >&5
configure:3332: $? = 0
configure:3332: result: yes
configure:3332: checking for stdint.h
configure:3332: gcc -c -g -O2  conftest.c >&5
configure:3332: $? = 0
configure:3332: result: yes
configure:3332: checking for unistd.h
configure:3332: gcc -c -g -O2  conftest.c >&5
configure:3332: $? = 0
configure:3332: result: yes
configure:3347: checking getopt.h usability
configure:3347: gcc -c -g -O2  conftest.c >&5
configure:3347: $? = 0
configure:3347: result: yes
configure:3347: checking getopt.h presence
configure:3347: gcc -E  conftest.c
configure:3347: $? = 0
configure:3347: result: yes
configure:3347: checking for getopt.h
configure:3347: result: yes
configure:3347: checking stdio.h usability
configure:3347: gcc -c -g -O2  conftest.c >&5
configure:3347: $? = 0
configure:3347: result: yes
configure:3347: checking stdio.h presence
configure:3347: gcc -E  conftest.c
configure:3347: $? = 0
configure:3347: result: yes
configure:3347: checking for stdio.h
configure:3347: result: yes
configure:3347: checking for stdlib.h
configure:3347: result: yes
configure:3347: checking for memory.h
configure:3347: result: yes
configure:3347: checking for string.h
configure:3347: result: yes
configure:3407: checking build system type
configure:3421: result: x86_64-unknown-linux-gnu
configure:3441: checking host system type
configure:3454: result: x86_64-unknown-linux-gnu
configure:3474: checking target system type
configure:3487: result: x86_64-unknown-linux-gnu
configure:3566: checking for getopt_long
configure:3566: gcc -o conftest -g -O2   conftest.c -lc  >&5
configure:3566: $? = 0
configure:3566: result: yes
configure:3566: checking for memset
configure:3566: gcc -o conftest -g -O2   conftest.c -lc  >&5
conftest.c:49:6: warning: conflicting types for built-in function 'memset' [enabled by default]
 char memset ();
      ^
configure:3566: $? = 0
configure:3566: result: yes
configure:3566: checking for memmove
configure:3566: gcc -o conftest -g -O2   conftest.c -lc  >&5
conftest.c:50:6: warning: conflicting types for built-in function 'memmove' [enabled by default]
 char memmove ();
      ^
configure:3566: $? = 0
configure:3566: result: yes
configure:3692: creating ./config.status

## ---------------------- ##
## Running config.status. ##
## ---------------------- ##

This file was extended by config.status, which was
generated by GNU Autoconf 2.69.  Invocation command line was

  CONFIG_FILES    = 
  CONFIG_HEADERS  = 
  CONFIG_LINKS    = 
  CONFIG_COMMANDS = 
  $ ./config.status 

on thomasp-ubuntu

config.status:824: creating makefile
config.status:923: WARNING:  'makefile.in' seems to ignore the --datarootdir setting
config.status:824: creating config.h
config.status:994: config.h is unchanged

## ---------------- ##
## Cache variables. ##
## ---------------- ##

ac_cv_build=x86_64-unknown-linux-gnu
ac_cv_c_compiler_gnu=yes
ac_cv_env_CC_set=
ac_cv_env_CC_value=
ac_cv_env_CFLAGS_set=
ac_cv_env_CFLAGS_value=
ac_cv_env_CPPFLAGS_set=
ac_cv_env_CPPFLAGS_value=
ac_cv_env_CPP_set=
ac_cv_env_CPP_value=
ac_cv_env_LDFLAGS_set=
ac_cv_env_LDFLAGS_value=
ac_cv_env_LIBS_set=
ac_cv_env_LIBS_value=
ac_cv_env_build_alias_set=
ac_cv_env_build_alias_value=
ac_cv_env_host_alias_set=
ac_cv_env_host_alias_value=
ac_cv_env_target_alias_set=
ac_cv_env_target_alias_value=
ac_cv_func_getopt_long=yes
ac_cv_func_memmove=yes
ac_cv_func_memset=yes
ac_cv_header_getopt_h=yes
ac_cv_header_inttypes_h=yes
ac_cv_header_memory_h=yes
ac_cv_header_stdc=yes
ac_cv_header_stdint_h=yes
ac_cv_header_stdio_h=yes
ac_cv_header_stdlib_h=yes
ac_cv_header_string_h=yes
ac_cv_header_strings_h=yes
ac_cv_header_sys_stat_h=yes
ac_cv_header_sys_types_h=yes
ac_cv_header_unistd_h=yes
ac_cv_host=x86_64-unknown-linux-gnu
ac_cv_lib_c_malloc=yes
ac_cv_objext=o
ac_cv_path_EGREP='/bin/grep -E'
ac_cv_path_GREP=/bin/grep
ac_cv_prog_CPP='gcc -E'
ac_cv_prog_ac_ct_CC=gcc
ac_cv_prog_cc_c89=
ac_cv_prog_cc_g=yes
ac_cv_target=x86_64-unknown-linux-gnu

## ----------------- ##
## Output variables. ##
## ----------------- ##

ARCH_OPTION='-msse2'
CC='gcc'
CFLAGS='-g -O2'
CPP='gcc -E'
CPPFLAGS=''
DEFS='-DHAVE_CONFIG_H'
ECHO_C=''
ECHO_N='-n'
ECHO_T=''
EGREP='/bin/grep -E'
EXEEXT=''
GREP='/bin/grep'
LDFLAGS=''
LIBOBJS=''
LIBS='-lc '
LTLIBOBJS=''
MLIBS='dotprod_port.o 	peakval_port.o 	sumsq.o sumsq_port.o 	cpu_mode_x86_64.o'
OBJEXT='o'
PACKAGE_BUGREPORT=''
PACKAGE_NAME=''
PACKAGE_STRING=''
PACKAGE_TARNAME=''
PACKAGE_URL=''
PACKAGE_VERSION=''
PATH_SEPARATOR=':'
REBIND='ldconfig'
SHELL='/bin/bash'
SH_LIB='libfec.so'
SO_NAME='3'
VERSION='3.0.0'
ac_ct_CC='gcc'
bindir='${exec_prefix}/bin'
build='x86_64-unknown-linux-gnu'
build_alias=''
build_cpu='x86_64'
build_os='linux-gnu'
build_vendor='unknown'
datadir='${datarootdir}'
datarootdir='${prefix}/share'
docdir='${datarootdir}/doc/${PACKAGE}'
dvidir='${docdir}'
exec_prefix='${prefix}'
host='x86_64-unknown-linux-gnu'
host_alias=''
host_cpu='x86_64'
host_os='linux-gnu'
host_vendor='unknown'
htmldir='${docdir}'
includedir='${prefix}/include'
infodir='${datarootdir}/info'
libdir='${exec_prefix}/lib'
libexecdir='${exec_prefix}/libexec'
localedir='${datarootdir}/locale'
localstatedir='${prefix}/var'
mandir='${datarootdir}/man'
oldincludedir='/usr/include'
pdfdir='${docdir}'
prefix='/usr/local'
program_transform_name='s,x,x,'
psdir='${docdir}'
sbindir='${exec_prefix}/sbin'
sharedstatedir='${prefix}/com'
sysconfdir='${prefix}/etc'
target='x86_64-unknown-linux-gnu'
target_alias=''
target_cpu='x86_64'
target_os='linux-gnu'
target_vendor='unknown'

## ----------- ##
## confdefs.h. ##
## ----------- ##

/* confdefs.h */
#define PACKAGE_NAME ""
#define PACKAGE_TARNAME ""
#define PACKAGE_VERSION ""
#define PACKAGE_STRING ""
#define PACKAGE_BUGREPORT ""
#define PACKAGE_URL ""
#define HAVE_LIBC 1
#define STDC_HEADERS 1
#define HAVE_SYS_TYPES_H 1
#define HAVE_SYS_STAT_H 1
#define HAVE_STDLIB_H 1
#define HAVE_STRING_H 1
#define HAVE_MEMORY_H 1
#define HAVE_STRINGS_H 1
#define HAVE_INTTYPES_H 1
#define HAVE_STDINT_H 1
#define HAVE_UNISTD_H 1
#define HAVE_GETOPT_H 1
#define HAVE_STDIO_H 1
#define HAVE_STDLIB_H 1
#define HAVE_MEMORY_H 1
#define HAVE_STRING_H 1
#define HAVE_GETOPT_LONG 1
#define HAVE_MEMSET 1
#define HAVE_MEMMOVE 1

configure: exit 0
