This file contains any messages produced by compilers while
running configure, to aid debugging if configure makes a mistake.

It was created by configure, which was
generated by GNU Autoconf 2.69.  Invocation command line was

  $ ./configure 

## --------- ##
## Platform. ##
## --------- ##

hostname = thomasp-VirtualBox
uname -m = x86_64
uname -r = 4.4.0-22-generic
uname -s = Linux
uname -v = #40-Ubuntu SMP Thu May 12 22:03:46 UTC 2016

/usr/bin/uname -p = unknown
/bin/uname -X     = unknown

/bin/arch              = unknown
/usr/bin/arch -k       = unknown
/usr/convex/getsysinfo = unknown
/usr/bin/hostinfo      = unknown
/bin/machine           = unknown
/usr/bin/oslevel       = unknown
/bin/universe          = unknown

PATH: /usr/local/sbin
PATH: /usr/local/bin
PATH: /usr/sbin
PATH: /usr/bin
PATH: /sbin
PATH: /bin
PATH: /usr/games
PATH: /usr/local/games
PATH: /snap/bin


## ----------- ##
## Core tests. ##
## ----------- ##

configure:2167: checking for gcc
configure:2183: found /usr/bin/gcc
configure:2194: result: gcc
configure:2423: checking for C compiler version
configure:2432: gcc --version >&5
gcc (Ubuntu 5.3.1-14ubuntu2) 5.3.1 20160413
Copyright (C) 2015 Free Software Foundation, Inc.
This is free software; see the source for copying conditions.  There is NO
warranty; not even for MERCHANTABILITY or FITNESS FOR A PARTICULAR PURPOSE.

configure:2443: $? = 0
configure:2432: gcc -v >&5
Using built-in specs.
COLLECT_GCC=gcc
COLLECT_LTO_WRAPPER=/usr/lib/gcc/x86_64-linux-gnu/5/lto-wrapper
Target: x86_64-linux-gnu
Configured with: ../src/configure -v --with-pkgversion='Ubuntu 5.3.1-14ubuntu2' --with-bugurl=file:///usr/share/doc/gcc-5/README.Bugs --enable-languages=c,ada,c++,java,go,d,fortran,objc,obj-c++ --prefix=/usr --program-suffix=-5 --enable-shared --enable-linker-build-id --libexecdir=/usr/lib --without-included-gettext --enable-threads=posix --libdir=/usr/lib --enable-nls --with-sysroot=/ --enable-clocale=gnu --enable-libstdcxx-debug --enable-libstdcxx-time=yes --with-default-libstdcxx-abi=new --enable-gnu-unique-object --disable-vtable-verify --enable-libmpx --enable-plugin --with-system-zlib --disable-browser-plugin --enable-java-awt=gtk --enable-gtk-cairo --with-java-home=/usr/lib/jvm/java-1.5.0-gcj-5-amd64/jre --enable-java-home --with-jvm-root-dir=/usr/lib/jvm/java-1.5.0-gcj-5-amd64 --with-jvm-jar-dir=/usr/lib/jvm-exports/java-1.5.0-gcj-5-amd64 --with-arch-directory=amd64 --with-ecj-jar=/usr/share/java/eclipse-ecj.jar --enable-objc-gc --enable-multiarch --disable-werror --with-arch-32=i686 --with-abi=m64 --with-multilib-list=m32,m64,mx32 --enable-multilib --with-tune=generic --enable-checking=release --build=x86_64-linux-gnu --host=x86_64-linux-gnu --target=x86_64-linux-gnu
Thread model: posix
gcc version 5.3.1 20160413 (Ubuntu 5.3.1-14ubuntu2) 
configure:2443: $? = 0
configure:2432: gcc -V >&5
gcc: error: unrecognized command line option '-V'
gcc: fatal error: no input files
compilation terminated.
configure:2443: $? = 1
configure:2432: gcc -qversion >&5
gcc: error: unrecognized command line option '-qversion'
gcc: fatal error: no input files
compilation terminated.
configure:2443: $? = 1
configure:2463: checking whether the C compiler works
configure:2485: gcc    conftest.c  >&5
configure:2489: $? = 0
configure:2537: result: yes
configure:2540: checking for C compiler default output file name
configure:2542: result: a.out
configure:2548: checking for suffix of executables
configure:2555: gcc -o conftest    conftest.c  >&5
configure:2559: $? = 0
configure:2581: result: 
configure:2603: checking whether we are cross compiling
configure:2611: gcc -o conftest    conftest.c  >&5
configure:2615: $? = 0
configure:2622: ./conftest
configure:2626: $? = 0
configure:2641: result: no
configure:2646: checking for suffix of object files
configure:2668: gcc -c   conftest.c >&5
configure:2672: $? = 0
configure:2693: result: o
configure:2697: checking whether we are using the GNU C compiler
configure:2716: gcc -c   conftest.c >&5
configure:2716: $? = 0
configure:2725: result: yes
configure:2734: checking whether gcc accepts -g
configure:2754: gcc -c -g  conftest.c >&5
configure:2754: $? = 0
configure:2795: result: yes
configure:2812: checking for gcc option to accept ISO C89
configure:2875: gcc  -c -g -O2  conftest.c >&5
configure:2875: $? = 0
configure:2888: result: none needed
configure:2913: checking for malloc in -lc
configure:2938: gcc -o conftest -g -O2   conftest.c -lc   >&5
conftest.c:16:6: warning: conflicting types for built-in function 'malloc'
 char malloc ();
      ^
configure:2938: $? = 0
configure:2947: result: yes
configure:2964: checking how to run the C preprocessor
configure:2995: gcc -E  conftest.c
configure:2995: $? = 0
configure:3009: gcc -E  conftest.c
conftest.c:10:28: fatal error: ac_nonexistent.h: No such file or directory
compilation terminated.
configure:3009: $? = 1
configure: failed program was:
| /* confdefs.h */
| #define PACKAGE_NAME ""
| #define PACKAGE_TARNAME ""
| #define PACKAGE_VERSION ""
| #define PACKAGE_STRING ""
| #define PACKAGE_BUGREPORT ""
| #define PACKAGE_URL ""
| #define HAVE_LIBC 1
| /* end confdefs.h.  */
| #include <ac_nonexistent.h>
configure:3034: result: gcc -E
configure:3054: gcc -E  conftest.c
configure:3054: $? = 0
configure:3068: gcc -E  conftest.c
conftest.c:10:28: fatal error: ac_nonexistent.h: No such file or directory
compilation terminated.
configure:3068: $? = 1
configure: failed program was:
| /* confdefs.h */
| #define PACKAGE_NAME ""
| #define PACKAGE_TARNAME ""
| #define PACKAGE_VERSION ""
| #define PACKAGE_STRING ""
| #define PACKAGE_BUGREPORT ""
| #define PACKAGE_URL ""
| #define HAVE_LIBC 1
| /* end confdefs.h.  */
| #include <ac_nonexistent.h>
configure:3097: checking for grep that handles long lines and -e
configure:3155: result: /bin/grep
configure:3160: checking for egrep
configure:3222: result: /bin/grep -E
configure:3227: checking for ANSI C header files
configure:3247: gcc -c -g -O2  conftest.c >&5
configure:3247: $? = 0
configure:3320: gcc -o conftest -g -O2   conftest.c -lc  >&5
configure:3320: $? = 0
configure:3320: ./conftest
configure:3320: $? = 0
configure:3331: result: yes
configure:3344: checking for sys/types.h
configure:3344: gcc -c -g -O2  conftest.c >&5
configure:3344: $? = 0
configure:3344: result: yes
configure:3344: checking for sys/stat.h
configure:3344: gcc -c -g -O2  conftest.c >&5
configure:3344: $? = 0
configure:3344: result: yes
configure:3344: checking for stdlib.h
configure:3344: gcc -c -g -O2  conftest.c >&5
configure:3344: $? = 0
configure:3344: result: yes
configure:3344: checking for string.h
configure:3344: gcc -c -g -O2  conftest.c >&5
configure:3344: $? = 0
configure:3344: result: yes
configure:3344: checking for memory.h
configure:3344: gcc -c -g -O2  conftest.c >&5
configure:3344: $? = 0
configure:3344: result: yes
configure:3344: checking for strings.h
configure:3344: gcc -c -g -O2  conftest.c >&5
configure:3344: $? = 0
configure:3344: result: yes
configure:3344: checking for inttypes.h
configure:3344: gcc -c -g -O2  conftest.c >&5
configure:3344: $? = 0
configure:3344: result: yes
configure:3344: checking for stdint.h
configure:3344: gcc -c -g -O2  conftest.c >&5
configure:3344: $? = 0
configure:3344: result: yes
configure:3344: checking for unistd.h
configure:3344: gcc -c -g -O2  conftest.c >&5
configure:3344: $? = 0
configure:3344: result: yes
configure:3359: checking getopt.h usability
configure:3359: gcc -c -g -O2  conftest.c >&5
configure:3359: $? = 0
configure:3359: result: yes
configure:3359: checking getopt.h presence
configure:3359: gcc -E  conftest.c
configure:3359: $? = 0
configure:3359: result: yes
configure:3359: checking for getopt.h
configure:3359: result: yes
configure:3359: checking stdio.h usability
configure:3359: gcc -c -g -O2  conftest.c >&5
configure:3359: $? = 0
configure:3359: result: yes
configure:3359: checking stdio.h presence
configure:3359: gcc -E  conftest.c
configure:3359: $? = 0
configure:3359: result: yes
configure:3359: checking for stdio.h
configure:3359: result: yes
configure:3359: checking for stdlib.h
configure:3359: result: yes
configure:3359: checking for memory.h
configure:3359: result: yes
configure:3359: checking for string.h
configure:3359: result: yes
configure:3419: checking build system type
configure:3433: result: x86_64-unknown-linux-gnu
configure:3453: checking host system type
configure:3466: result: x86_64-unknown-linux-gnu
configure:3486: checking target system type
configure:3499: result: x86_64-unknown-linux-gnu
configure:3578: checking for getopt_long
configure:3578: gcc -o conftest -g -O2   conftest.c -lc  >&5
configure:3578: $? = 0
configure:3578: result: yes
configure:3578: checking for memset
configure:3578: gcc -o conftest -g -O2   conftest.c -lc  >&5
conftest.c:49:6: warning: conflicting types for built-in function 'memset'
 char memset ();
      ^
configure:3578: $? = 0
configure:3578: result: yes
configure:3578: checking for memmove
configure:3578: gcc -o conftest -g -O2   conftest.c -lc  >&5
conftest.c:50:6: warning: conflicting types for built-in function 'memmove'
 char memmove ();
      ^
configure:3578: $? = 0
configure:3578: result: yes
configure:3704: creating ./config.status

## ---------------------- ##
## Running config.status. ##
## ---------------------- ##

This file was extended by config.status, which was
generated by GNU Autoconf 2.69.  Invocation command line was

  CONFIG_FILES    = 
  CONFIG_HEADERS  = 
  CONFIG_LINKS    = 
  CONFIG_COMMANDS = 
  $ ./config.status 

on thomasp-VirtualBox

config.status:825: creating makefile
config.status:924: WARNING:  'makefile.in' seems to ignore the --datarootdir setting
config.status:825: creating config.h
config.status:995: config.h is unchanged

## ---------------- ##
## Cache variables. ##
## ---------------- ##

ac_cv_build=x86_64-unknown-linux-gnu
ac_cv_c_compiler_gnu=yes
ac_cv_env_CC_set=
ac_cv_env_CC_value=
ac_cv_env_CFLAGS_set=
ac_cv_env_CFLAGS_value=
ac_cv_env_CPPFLAGS_set=
ac_cv_env_CPPFLAGS_value=
ac_cv_env_CPP_set=
ac_cv_env_CPP_value=
ac_cv_env_LDFLAGS_set=
ac_cv_env_LDFLAGS_value=
ac_cv_env_LIBS_set=
ac_cv_env_LIBS_value=
ac_cv_env_build_alias_set=
ac_cv_env_build_alias_value=
ac_cv_env_host_alias_set=
ac_cv_env_host_alias_value=
ac_cv_env_target_alias_set=
ac_cv_env_target_alias_value=
ac_cv_func_getopt_long=yes
ac_cv_func_memmove=yes
ac_cv_func_memset=yes
ac_cv_header_getopt_h=yes
ac_cv_header_inttypes_h=yes
ac_cv_header_memory_h=yes
ac_cv_header_stdc=yes
ac_cv_header_stdint_h=yes
ac_cv_header_stdio_h=yes
ac_cv_header_stdlib_h=yes
ac_cv_header_string_h=yes
ac_cv_header_strings_h=yes
ac_cv_header_sys_stat_h=yes
ac_cv_header_sys_types_h=yes
ac_cv_header_unistd_h=yes
ac_cv_host=x86_64-unknown-linux-gnu
ac_cv_lib_c_malloc=yes
ac_cv_objext=o
ac_cv_path_EGREP='/bin/grep -E'
ac_cv_path_GREP=/bin/grep
ac_cv_prog_CPP='gcc -E'
ac_cv_prog_ac_ct_CC=gcc
ac_cv_prog_cc_c89=
ac_cv_prog_cc_g=yes
ac_cv_target=x86_64-unknown-linux-gnu

## ----------------- ##
## Output variables. ##
## ----------------- ##

ARCH_OPTION='-msse2'
CC='gcc'
CFLAGS='-g -O2'
CPP='gcc -E'
CPPFLAGS=''
DEFS='-DHAVE_CONFIG_H'
ECHO_C=''
ECHO_N='-n'
ECHO_T=''
EGREP='/bin/grep -E'
EXEEXT=''
GREP='/bin/grep'
LDFLAGS=''
LIBOBJS=''
LIBS='-lc '
LTLIBOBJS=''
MLIBS='dotprod_port.o 	peakval_port.o 	sumsq.o sumsq_port.o 	cpu_mode_x86_64.o'
OBJEXT='o'
PACKAGE_BUGREPORT=''
PACKAGE_NAME=''
PACKAGE_STRING=''
PACKAGE_TARNAME=''
PACKAGE_URL=''
PACKAGE_VERSION=''
PATH_SEPARATOR=':'
REBIND='ldconfig'
SHELL='/bin/bash'
SH_LIB='libfec.so'
SO_NAME='3'
VERSION='3.0.0'
ac_ct_CC='gcc'
bindir='${exec_prefix}/bin'
build='x86_64-unknown-linux-gnu'
build_alias=''
build_cpu='x86_64'
build_os='linux-gnu'
build_vendor='unknown'
datadir='${datarootdir}'
datarootdir='${prefix}/share'
docdir='${datarootdir}/doc/${PACKAGE}'
dvidir='${docdir}'
exec_prefix='${prefix}'
host='x86_64-unknown-linux-gnu'
host_alias=''
host_cpu='x86_64'
host_os='linux-gnu'
host_vendor='unknown'
htmldir='${docdir}'
includedir='${prefix}/include'
infodir='${datarootdir}/info'
libdir='${exec_prefix}/lib'
libexecdir='${exec_prefix}/libexec'
localedir='${datarootdir}/locale'
localstatedir='${prefix}/var'
mandir='${datarootdir}/man'
oldincludedir='/usr/include'
pdfdir='${docdir}'
prefix='/usr/local'
program_transform_name='s,x,x,'
psdir='${docdir}'
runstatedir='${localstatedir}/run'
sbindir='${exec_prefix}/sbin'
sharedstatedir='${prefix}/com'
sysconfdir='${prefix}/etc'
target='x86_64-unknown-linux-gnu'
target_alias=''
target_cpu='x86_64'
target_os='linux-gnu'
target_vendor='unknown'

## ----------- ##
## confdefs.h. ##
## ----------- ##

/* confdefs.h */
#define PACKAGE_NAME ""
#define PACKAGE_TARNAME ""
#define PACKAGE_VERSION ""
#define PACKAGE_STRING ""
#define PACKAGE_BUGREPORT ""
#define PACKAGE_URL ""
#define HAVE_LIBC 1
#define STDC_HEADERS 1
#define HAVE_SYS_TYPES_H 1
#define HAVE_SYS_STAT_H 1
#define HAVE_STDLIB_H 1
#define HAVE_STRING_H 1
#define HAVE_MEMORY_H 1
#define HAVE_STRINGS_H 1
#define HAVE_INTTYPES_H 1
#define HAVE_STDINT_H 1
#define HAVE_UNISTD_H 1
#define HAVE_GETOPT_H 1
#define HAVE_STDIO_H 1
#define HAVE_STDLIB_H 1
#define HAVE_MEMORY_H 1
#define HAVE_STRING_H 1
#define HAVE_GETOPT_LONG 1
#define HAVE_MEMSET 1
#define HAVE_MEMMOVE 1

configure: exit 0
